<?xml version="1.0" encoding="UTF-8"?>
<!-- Generated by org.testng.reporters.JUnitReportReporter -->
<testsuite hostname="DESKTOP-6LFL1D9" failures="0" tests="1" name="com.testClasses.testLoginPage" time="7.140" errors="0" timestamp="2024-03-08T20:54:08 IST" skipped="0">
  <testcase classname="com.testClasses.testLoginPage" name="testcase1" time="7.140"/>
  <system-out/>
</testsuite> <!-- com.testClasses.testLoginPage -->
